Using pre-set license
Built from '2020.3/staging' branch; Version is '2020.3.18f1 (a7d1c678663c) revision 10998214'; Using compiler version '192528614'; Build Type 'Release'
OS: 'Windows 10 Home; OS build 19042.1466; Version 2009; 64bit' Language: 'en' Physical Memory: 16233 MB
BatchMode: 1, IsHumanControllingUs: 0, StartBugReporterOnCrash: 0, Is64bit: 1, IsPro: 0

COMMAND LINE ARGUMENTS:
C:\Program Files\Unity\Hub\Editor\2020.3.18f1\Editor\Unity.exe
-adb2
-batchMode
-noUpm
-name
AssetImportWorker0
-projectPath
C:/Users/Haley/Documents/GitHub/GDIM32GroupProject/New Unity Project
-logFile
Logs/AssetImportWorker0.log
-srvPort
62481
Successfully changed project path to: C:/Users/Haley/Documents/GitHub/GDIM32GroupProject/New Unity Project
C:/Users/Haley/Documents/GitHub/GDIM32GroupProject/New Unity Project
Using Asset Import Pipeline V2.
Refreshing native plugins compatible for Editor in 36.64 ms, found 2 plugins.
Preloading 0 native plugins for Editor in 0.00 ms.
Initialize engine version: 2020.3.18f1 (a7d1c678663c)
[Subsystems] Discovering subsystems at path C:/Program Files/Unity/Hub/Editor/2020.3.18f1/Editor/Data/Resources/UnitySubsystems
[Subsystems] Discovering subsystems at path C:/Users/Haley/Documents/GitHub/GDIM32GroupProject/New Unity Project/Assets
GfxDevice: creating device client; threaded=0
Direct3D:
    Version:  Direct3D 11.0 [level 11.1]
    Renderer: NVIDIA GeForce RTX 2070 (ID=0x1f10)
    Vendor:   
    VRAM:     8031 MB
    Driver:   30.0.14.7212
Initialize mono
Mono path[0] = 'C:/Program Files/Unity/Hub/Editor/2020.3.18f1/Editor/Data/Managed'
Mono path[1] = 'C:/Program Files/Unity/Hub/Editor/2020.3.18f1/Editor/Data/MonoBleedingEdge/lib/mono/unityjit'
Mono config path = 'C:/Program Files/Unity/Hub/Editor/2020.3.18f1/Editor/Data/MonoBleedingEdge/etc'
Using monoOptions --debugger-agent=transport=dt_socket,embedding=1,server=y,suspend=n,address=127.0.0.1:56848
Begin MonoManager ReloadAssembly
Registering precompiled unity dll's ...
Register platform support module: C:/Program Files/Unity/Hub/Editor/2020.3.18f1/Editor/Data/PlaybackEngines/MacStandaloneSupport/UnityEditor.OSXStandalone.Extensions.dll
Register platform support module: C:/Program Files/Unity/Hub/Editor/2020.3.18f1/Editor/Data/PlaybackEngines/WindowsStandaloneSupport/UnityEditor.WindowsStandalone.Extensions.dll
Registered in 0.002511 seconds.
Native extension for WindowsStandalone target not found
Native extension for OSXStandalone target not found
Refreshing native plugins compatible for Editor in 34.27 ms, found 2 plugins.
Preloading 0 native plugins for Editor in 0.00 ms.
Mono: successfully reloaded assembly
- Completed reload, in  1.222 seconds
Domain Reload Profiling:
	ReloadAssembly (1223ms)
		BeginReloadAssembly (54ms)
			ExecutionOrderSort (0ms)
			DisableScriptedObjects (0ms)
			BackupInstance (0ms)
			ReleaseScriptingObjects (0ms)
			CreateAndSetChildDomain (1ms)
		EndReloadAssembly (411ms)
			LoadAssemblies (52ms)
			RebuildTransferFunctionScriptingTraits (0ms)
			SetupTypeCache (146ms)
			ReleaseScriptCaches (0ms)
			RebuildScriptCaches (36ms)
			SetupLoadedEditorAssemblies (158ms)
				LogAssemblyErrors (0ms)
				InitializePlatformSupportModulesInManaged (5ms)
				SetLoadedEditorAssemblies (0ms)
				RefreshPlugins (34ms)
				BeforeProcessingInitializeOnLoad (17ms)
				ProcessInitializeOnLoadAttributes (76ms)
				ProcessInitializeOnLoadMethodAttributes (26ms)
				AfterProcessingInitializeOnLoad (0ms)
				EditorAssembliesLoaded (0ms)
			ExecutionOrderSort2 (0ms)
			AwakeInstancesAfterBackupRestoration (0ms)
Platform modules already initialized, skipping
Registering precompiled user dll's ...
Registered in 0.003288 seconds.
Begin MonoManager ReloadAssembly
Native extension for WindowsStandalone target not found
Native extension for OSXStandalone target not found
Refreshing native plugins compatible for Editor in 0.56 ms, found 2 plugins.
Preloading 0 native plugins for Editor in 0.00 ms.
Mono: successfully reloaded assembly
- Completed reload, in  1.003 seconds
Domain Reload Profiling:
	ReloadAssembly (1004ms)
		BeginReloadAssembly (140ms)
			ExecutionOrderSort (0ms)
			DisableScriptedObjects (4ms)
			BackupInstance (0ms)
			ReleaseScriptingObjects (0ms)
			CreateAndSetChildDomain (18ms)
		EndReloadAssembly (804ms)
			LoadAssemblies (83ms)
			RebuildTransferFunctionScriptingTraits (0ms)
			SetupTypeCache (256ms)
			ReleaseScriptCaches (0ms)
			RebuildScriptCaches (59ms)
			SetupLoadedEditorAssemblies (320ms)
				LogAssemblyErrors (0ms)
				InitializePlatformSupportModulesInManaged (6ms)
				SetLoadedEditorAssemblies (1ms)
				RefreshPlugins (1ms)
				BeforeProcessingInitializeOnLoad (82ms)
				ProcessInitializeOnLoadAttributes (219ms)
				ProcessInitializeOnLoadMethodAttributes (4ms)
				AfterProcessingInitializeOnLoad (7ms)
				EditorAssembliesLoaded (0ms)
			ExecutionOrderSort2 (0ms)
			AwakeInstancesAfterBackupRestoration (6ms)
Platform modules already initialized, skipping
========================================================================
Worker process is ready to serve import requests
Launched and connected shader compiler UnityShaderCompiler.exe after 0.07 seconds
Refreshing native plugins compatible for Editor in 0.39 ms, found 2 plugins.
Preloading 0 native plugins for Editor in 0.00 ms.
Unloading 1656 Unused Serialized files (Serialized files now loaded: 0)
System memory in use before: 97.3 MB.
System memory in use after: 97.5 MB.

Unloading 16 unused Assets to reduce memory usage. Loaded Objects now: 2122.
Total: 3.047600 ms (FindLiveObjects: 0.278000 ms CreateObjectMapping: 0.055800 ms MarkObjects: 2.691500 ms  DeleteObjects: 0.021400 ms)

AssetImportParameters requested are different than current active one (requested -> active):
  custom:framework-win-MediaFoundation: 216162199b28c13a410421893ffa2e32 -> 
  custom:video-decoder-ogg-theora: a1e56fd34408186e4bbccfd4996cb3dc -> 
  custom:container-muxer-webm: aa71ff27fc2769a1b78a27578f13a17b -> 
  custom:container-demuxer-webm: 4f35f7cbe854078d1ac9338744f61a02 -> 
  custom:container-demuxer-ogg: 62fdf1f143b41e24485cea50d1cbac27 -> 
  custom:video-encoder-webm-vp8: eb34c28f22e8b96e1ab97ce403110664 -> 
  custom:video-codec-MediaFoundation-h265: 746d11721c4dcdbdad8f713fa42b33f4 -> 
  custom:video-decoder-webm-vp8: 9c59270c3fd7afecdb556c50c9e8de78 -> 
  custom:audio-decoder-ogg-vorbis: bf7c407c2cedff20999df2af8eb42d56 -> 
  custom:audio-encoder-webm-vorbis: bf7c407c2cedff20999df2af8eb42d56 -> 
========================================================================
Received Import Request.
  path: Assets/Scripts/PlayerMovement.cs
  artifactKey: Guid(f8fb3cefabd16be4b906db93e72df809) Importer(815301076,1909f56bfc062723c751e8b465ee728b)
Start importing Assets/Scripts/PlayerMovement.cs using Guid(f8fb3cefabd16be4b906db93e72df809) Importer(815301076,1909f56bfc062723c751e8b465ee728b)  -> (artifact id: '064514dd92b32fbdcce246b0def2d953') in 0.051887 seconds 
  Import took 0.054313 seconds .

========================================================================
Received Import Request.
  Time since last request: 101.847161 seconds.
  path: Assets/Scripts/PlayerMovement.cs
  artifactKey: Guid(f8fb3cefabd16be4b906db93e72df809) Importer(815301076,1909f56bfc062723c751e8b465ee728b)
Start importing Assets/Scripts/PlayerMovement.cs using Guid(f8fb3cefabd16be4b906db93e72df809) Importer(815301076,1909f56bfc062723c751e8b465ee728b)  -> (artifact id: '83c00df3fa5406db7f367f2a9737d0c6') in 0.004807 seconds 
  Import took 0.008481 seconds .

========================================================================
Received Prepare
Registering precompiled user dll's ...
Registered in 0.003125 seconds.
Begin MonoManager ReloadAssembly
Native extension for WindowsStandalone target not found
Native extension for OSXStandalone target not found
Refreshing native plugins compatible for Editor in 0.38 ms, found 2 plugins.
Preloading 0 native plugins for Editor in 0.00 ms.
Mono: successfully reloaded assembly
- Completed reload, in  0.980 seconds
Domain Reload Profiling:
	ReloadAssembly (980ms)
		BeginReloadAssembly (108ms)
			ExecutionOrderSort (0ms)
			DisableScriptedObjects (5ms)
			BackupInstance (0ms)
			ReleaseScriptingObjects (0ms)
			CreateAndSetChildDomain (30ms)
		EndReloadAssembly (809ms)
			LoadAssemblies (85ms)
			RebuildTransferFunctionScriptingTraits (0ms)
			SetupTypeCache (278ms)
			ReleaseScriptCaches (1ms)
			RebuildScriptCaches (45ms)
			SetupLoadedEditorAssemblies (317ms)
				LogAssemblyErrors (0ms)
				InitializePlatformSupportModulesInManaged (6ms)
				SetLoadedEditorAssemblies (0ms)
				RefreshPlugins (0ms)
				BeforeProcessingInitializeOnLoad (84ms)
				ProcessInitializeOnLoadAttributes (215ms)
				ProcessInitializeOnLoadMethodAttributes (4ms)
				AfterProcessingInitializeOnLoad (7ms)
				EditorAssembliesLoaded (0ms)
			ExecutionOrderSort2 (0ms)
			AwakeInstancesAfterBackupRestoration (6ms)
Platform modules already initialized, skipping
Refreshing native plugins compatible for Editor in 0.49 ms, found 2 plugins.
Preloading 0 native plugins for Editor in 0.00 ms.
Unloading 1634 Unused Serialized files (Serialized files now loaded: 0)
System memory in use before: 95.7 MB.
System memory in use after: 95.8 MB.

Unloading 12 unused Assets to reduce memory usage. Loaded Objects now: 2124.
Total: 3.344700 ms (FindLiveObjects: 0.217300 ms CreateObjectMapping: 0.049300 ms MarkObjects: 3.058500 ms  DeleteObjects: 0.018500 ms)

AssetImportParameters requested are different than current active one (requested -> active):
  custom:framework-win-MediaFoundation: 216162199b28c13a410421893ffa2e32 -> 
  custom:video-decoder-ogg-theora: a1e56fd34408186e4bbccfd4996cb3dc -> 
  custom:container-muxer-webm: aa71ff27fc2769a1b78a27578f13a17b -> 
  custom:container-demuxer-webm: 4f35f7cbe854078d1ac9338744f61a02 -> 
  custom:container-demuxer-ogg: 62fdf1f143b41e24485cea50d1cbac27 -> 
  custom:video-encoder-webm-vp8: eb34c28f22e8b96e1ab97ce403110664 -> 
  custom:video-codec-MediaFoundation-h265: 746d11721c4dcdbdad8f713fa42b33f4 -> 
  custom:video-decoder-webm-vp8: 9c59270c3fd7afecdb556c50c9e8de78 -> 
  custom:audio-decoder-ogg-vorbis: bf7c407c2cedff20999df2af8eb42d56 -> 
  custom:audio-encoder-webm-vorbis: bf7c407c2cedff20999df2af8eb42d56 -> 
========================================================================
Received Import Request.
  Time since last request: 324.483408 seconds.
  path: Assets/Scripts/CameraMovement.cs
  artifactKey: Guid(19596228f033a0a40a2050b573e894c1) Importer(815301076,1909f56bfc062723c751e8b465ee728b)
Start importing Assets/Scripts/CameraMovement.cs using Guid(19596228f033a0a40a2050b573e894c1) Importer(815301076,1909f56bfc062723c751e8b465ee728b)  -> (artifact id: '874161841a47bc9e84a755e5b1931833') in 0.009388 seconds 
  Import took 0.012179 seconds .

========================================================================
Received Prepare
Registering precompiled user dll's ...
Registered in 0.004089 seconds.
Begin MonoManager ReloadAssembly
Native extension for WindowsStandalone target not found
Native extension for OSXStandalone target not found
Refreshing native plugins compatible for Editor in 0.39 ms, found 2 plugins.
Preloading 0 native plugins for Editor in 0.00 ms.
Mono: successfully reloaded assembly
- Completed reload, in  1.179 seconds
Domain Reload Profiling:
	ReloadAssembly (1179ms)
		BeginReloadAssembly (123ms)
			ExecutionOrderSort (0ms)
			DisableScriptedObjects (4ms)
			BackupInstance (0ms)
			ReleaseScriptingObjects (0ms)
			CreateAndSetChildDomain (32ms)
		EndReloadAssembly (969ms)
			LoadAssemblies (111ms)
			RebuildTransferFunctionScriptingTraits (0ms)
			SetupTypeCache (283ms)
			ReleaseScriptCaches (1ms)
			RebuildScriptCaches (47ms)
			SetupLoadedEditorAssemblies (435ms)
				LogAssemblyErrors (0ms)
				InitializePlatformSupportModulesInManaged (6ms)
				SetLoadedEditorAssemblies (0ms)
				RefreshPlugins (0ms)
				BeforeProcessingInitializeOnLoad (107ms)
				ProcessInitializeOnLoadAttributes (309ms)
				ProcessInitializeOnLoadMethodAttributes (4ms)
				AfterProcessingInitializeOnLoad (8ms)
				EditorAssembliesLoaded (0ms)
			ExecutionOrderSort2 (0ms)
			AwakeInstancesAfterBackupRestoration (7ms)
Platform modules already initialized, skipping
Refreshing native plugins compatible for Editor in 0.40 ms, found 2 plugins.
Preloading 0 native plugins for Editor in 0.00 ms.
Unloading 1633 Unused Serialized files (Serialized files now loaded: 0)
System memory in use before: 95.7 MB.
System memory in use after: 95.8 MB.

Unloading 13 unused Assets to reduce memory usage. Loaded Objects now: 2125.
Total: 2.921700 ms (FindLiveObjects: 0.169100 ms CreateObjectMapping: 0.046600 ms MarkObjects: 2.682200 ms  DeleteObjects: 0.022700 ms)

AssetImportParameters requested are different than current active one (requested -> active):
  custom:framework-win-MediaFoundation: 216162199b28c13a410421893ffa2e32 -> 
  custom:video-decoder-ogg-theora: a1e56fd34408186e4bbccfd4996cb3dc -> 
  custom:container-muxer-webm: aa71ff27fc2769a1b78a27578f13a17b -> 
  custom:container-demuxer-webm: 4f35f7cbe854078d1ac9338744f61a02 -> 
  custom:container-demuxer-ogg: 62fdf1f143b41e24485cea50d1cbac27 -> 
  custom:video-encoder-webm-vp8: eb34c28f22e8b96e1ab97ce403110664 -> 
  custom:video-codec-MediaFoundation-h265: 746d11721c4dcdbdad8f713fa42b33f4 -> 
  custom:video-decoder-webm-vp8: 9c59270c3fd7afecdb556c50c9e8de78 -> 
  custom:audio-decoder-ogg-vorbis: bf7c407c2cedff20999df2af8eb42d56 -> 
  custom:audio-encoder-webm-vorbis: bf7c407c2cedff20999df2af8eb42d56 -> 
========================================================================
Received Import Request.
  Time since last request: 20.705722 seconds.
  path: Assets/Scripts/UI/VolumeSetter.cs
  artifactKey: Guid(8999b5956ff24db4fae356ef61415de5) Importer(815301076,1909f56bfc062723c751e8b465ee728b)
Start importing Assets/Scripts/UI/VolumeSetter.cs using Guid(8999b5956ff24db4fae356ef61415de5) Importer(815301076,1909f56bfc062723c751e8b465ee728b)  -> (artifact id: '36cd31224fb5c133288e3d58d89c28ca') in 0.011784 seconds 
  Import took 0.015557 seconds .

========================================================================
Received Import Request.
  Time since last request: 2.189368 seconds.
  path: Assets/Scripts/UI/SeedShopUIManager.cs
  artifactKey: Guid(51c0ad85b3d321340b10437626d5b89c) Importer(815301076,1909f56bfc062723c751e8b465ee728b)
Start importing Assets/Scripts/UI/SeedShopUIManager.cs using Guid(51c0ad85b3d321340b10437626d5b89c) Importer(815301076,1909f56bfc062723c751e8b465ee728b)  -> (artifact id: 'bc3deac891d6f11e21ac728ce817010d') in 0.008272 seconds 
  Import took 0.010704 seconds .

========================================================================
Received Import Request.
  Time since last request: 0.024251 seconds.
  path: Assets/Scripts/UI/SeedShopUIManager.cs
  artifactKey: Guid(51c0ad85b3d321340b10437626d5b89c) Importer(815301076,1909f56bfc062723c751e8b465ee728b)
Start importing Assets/Scripts/UI/SeedShopUIManager.cs using Guid(51c0ad85b3d321340b10437626d5b89c) Importer(815301076,1909f56bfc062723c751e8b465ee728b)  -> (artifact id: 'bc3deac891d6f11e21ac728ce817010d') in 0.003252 seconds 
  Import took 0.006362 seconds .

========================================================================
Received Import Request.
  Time since last request: 9.084157 seconds.
  path: Assets/Scripts/UI/AnimalShopUIManager.cs
  artifactKey: Guid(a0a2c9e02a44b6942b69939154351edd) Importer(815301076,1909f56bfc062723c751e8b465ee728b)
Start importing Assets/Scripts/UI/AnimalShopUIManager.cs using Guid(a0a2c9e02a44b6942b69939154351edd) Importer(815301076,1909f56bfc062723c751e8b465ee728b)  -> (artifact id: '92432456b11854836869f870fdf2fee2') in 0.008972 seconds 
  Import took 0.011666 seconds .

========================================================================
Received Import Request.
  Time since last request: 0.000567 seconds.
  path: Assets/Scripts/UI/AnimalShopUIManager.cs
  artifactKey: Guid(a0a2c9e02a44b6942b69939154351edd) Importer(815301076,1909f56bfc062723c751e8b465ee728b)
Start importing Assets/Scripts/UI/AnimalShopUIManager.cs using Guid(a0a2c9e02a44b6942b69939154351edd) Importer(815301076,1909f56bfc062723c751e8b465ee728b)  -> (artifact id: '92432456b11854836869f870fdf2fee2') in 0.003449 seconds 
  Import took 0.006955 seconds .

========================================================================
Received Import Request.
  Time since last request: 14.419408 seconds.
  path: Assets/Scripts/Shop/ShopTrigger.cs
  artifactKey: Guid(d6f5f1857d3023e4e9cac81f5723aa3d) Importer(815301076,1909f56bfc062723c751e8b465ee728b)
Start importing Assets/Scripts/Shop/ShopTrigger.cs using Guid(d6f5f1857d3023e4e9cac81f5723aa3d) Importer(815301076,1909f56bfc062723c751e8b465ee728b)  -> (artifact id: '9c2bfaa113a46883452bb41e0483d7bf') in 0.008811 seconds 
  Import took 0.011609 seconds .

========================================================================
Received Import Request.
  Time since last request: 0.002698 seconds.
  path: Assets/Scripts/Shop/ShopTrigger.cs
  artifactKey: Guid(d6f5f1857d3023e4e9cac81f5723aa3d) Importer(815301076,1909f56bfc062723c751e8b465ee728b)
Start importing Assets/Scripts/Shop/ShopTrigger.cs using Guid(d6f5f1857d3023e4e9cac81f5723aa3d) Importer(815301076,1909f56bfc062723c751e8b465ee728b)  -> (artifact id: '9c2bfaa113a46883452bb41e0483d7bf') in 0.003175 seconds 
  Import took 0.006817 seconds .

========================================================================
Received Prepare
Registering precompiled user dll's ...
Registered in 0.003290 seconds.
Begin MonoManager ReloadAssembly
Native extension for WindowsStandalone target not found
Native extension for OSXStandalone target not found
Refreshing native plugins compatible for Editor in 0.73 ms, found 2 plugins.
Preloading 0 native plugins for Editor in 0.00 ms.
Mono: successfully reloaded assembly
- Completed reload, in  1.380 seconds
Domain Reload Profiling:
	ReloadAssembly (1380ms)
		BeginReloadAssembly (110ms)
			ExecutionOrderSort (0ms)
			DisableScriptedObjects (5ms)
			BackupInstance (0ms)
			ReleaseScriptingObjects (0ms)
			CreateAndSetChildDomain (32ms)
		EndReloadAssembly (1064ms)
			LoadAssemblies (107ms)
			RebuildTransferFunctionScriptingTraits (0ms)
			SetupTypeCache (353ms)
			ReleaseScriptCaches (2ms)
			RebuildScriptCaches (57ms)
			SetupLoadedEditorAssemblies (352ms)
				LogAssemblyErrors (0ms)
				InitializePlatformSupportModulesInManaged (7ms)
				SetLoadedEditorAssemblies (0ms)
				RefreshPlugins (1ms)
				BeforeProcessingInitializeOnLoad (86ms)
				ProcessInitializeOnLoadAttributes (237ms)
				ProcessInitializeOnLoadMethodAttributes (4ms)
				AfterProcessingInitializeOnLoad (16ms)
				EditorAssembliesLoaded (1ms)
			ExecutionOrderSort2 (0ms)
			AwakeInstancesAfterBackupRestoration (76ms)
Platform modules already initialized, skipping
Refreshing native plugins compatible for Editor in 0.42 ms, found 2 plugins.
Preloading 0 native plugins for Editor in 0.00 ms.
Unloading 1633 Unused Serialized files (Serialized files now loaded: 0)
System memory in use before: 95.7 MB.
System memory in use after: 95.8 MB.

Unloading 12 unused Assets to reduce memory usage. Loaded Objects now: 2127.
Total: 2.955400 ms (FindLiveObjects: 0.181100 ms CreateObjectMapping: 0.048000 ms MarkObjects: 2.710300 ms  DeleteObjects: 0.015100 ms)

AssetImportParameters requested are different than current active one (requested -> active):
  custom:framework-win-MediaFoundation: 216162199b28c13a410421893ffa2e32 -> 
  custom:video-decoder-ogg-theora: a1e56fd34408186e4bbccfd4996cb3dc -> 
  custom:container-muxer-webm: aa71ff27fc2769a1b78a27578f13a17b -> 
  custom:container-demuxer-webm: 4f35f7cbe854078d1ac9338744f61a02 -> 
  custom:container-demuxer-ogg: 62fdf1f143b41e24485cea50d1cbac27 -> 
  custom:video-encoder-webm-vp8: eb34c28f22e8b96e1ab97ce403110664 -> 
  custom:video-codec-MediaFoundation-h265: 746d11721c4dcdbdad8f713fa42b33f4 -> 
  custom:video-decoder-webm-vp8: 9c59270c3fd7afecdb556c50c9e8de78 -> 
  custom:audio-decoder-ogg-vorbis: bf7c407c2cedff20999df2af8eb42d56 -> 
  custom:audio-encoder-webm-vorbis: bf7c407c2cedff20999df2af8eb42d56 -> 
========================================================================
Received Import Request.
  Time since last request: 32.511731 seconds.
  path: Assets/Scripts/Scriptable Objects
  artifactKey: Guid(6ce8e2a8d9d372d429172f57a8c2a41c) Importer(815301076,1909f56bfc062723c751e8b465ee728b)
Start importing Assets/Scripts/Scriptable Objects using Guid(6ce8e2a8d9d372d429172f57a8c2a41c) Importer(815301076,1909f56bfc062723c751e8b465ee728b)  -> (artifact id: 'a8ead59a01dcd0aa2a29dddbced89c21') in 0.011584 seconds 
  Import took 0.014494 seconds .

========================================================================
Received Import Request.
  Time since last request: 0.813736 seconds.
  path: Assets/Scripts/Scriptable Objects/AnimalSO.cs
  artifactKey: Guid(dba0454a997eb2c44a084a568bfaa77f) Importer(815301076,1909f56bfc062723c751e8b465ee728b)
Start importing Assets/Scripts/Scriptable Objects/AnimalSO.cs using Guid(dba0454a997eb2c44a084a568bfaa77f) Importer(815301076,1909f56bfc062723c751e8b465ee728b)  -> (artifact id: 'd3432d452019ab461e6016aaec5aaef0') in 0.006736 seconds 
  Import took 0.009389 seconds .

========================================================================
Received Import Request.
  Time since last request: 0.029316 seconds.
  path: Assets/Scripts/Scriptable Objects/AnimalSO.cs
  artifactKey: Guid(dba0454a997eb2c44a084a568bfaa77f) Importer(815301076,1909f56bfc062723c751e8b465ee728b)
Start importing Assets/Scripts/Scriptable Objects/AnimalSO.cs using Guid(dba0454a997eb2c44a084a568bfaa77f) Importer(815301076,1909f56bfc062723c751e8b465ee728b)  -> (artifact id: 'd3432d452019ab461e6016aaec5aaef0') in 0.002608 seconds 
  Import took 0.005807 seconds .

========================================================================
Received Import Request.
  Time since last request: 1.304648 seconds.
  path: Assets/Scripts/Scriptable Objects/CropGrowthSO.cs
  artifactKey: Guid(61a0a82a266271c4eacf6b0da1f9c02b) Importer(815301076,1909f56bfc062723c751e8b465ee728b)
Start importing Assets/Scripts/Scriptable Objects/CropGrowthSO.cs using Guid(61a0a82a266271c4eacf6b0da1f9c02b) Importer(815301076,1909f56bfc062723c751e8b465ee728b)  -> (artifact id: '6c6c8eab5b394976771e14505dcf25bb') in 0.006716 seconds 
  Import took 0.009604 seconds .

========================================================================
Received Import Request.
  Time since last request: 0.000418 seconds.
  path: Assets/Scripts/Scriptable Objects/CropGrowthSO.cs
  artifactKey: Guid(61a0a82a266271c4eacf6b0da1f9c02b) Importer(815301076,1909f56bfc062723c751e8b465ee728b)
Start importing Assets/Scripts/Scriptable Objects/CropGrowthSO.cs using Guid(61a0a82a266271c4eacf6b0da1f9c02b) Importer(815301076,1909f56bfc062723c751e8b465ee728b)  -> (artifact id: '6c6c8eab5b394976771e14505dcf25bb') in 0.002953 seconds 
  Import took 0.005751 seconds .

========================================================================
Received Import Request.
  Time since last request: 30.639583 seconds.
  path: Assets/Scripts/Managers/ResourceManager.cs
  artifactKey: Guid(3fc83e54a29212f4fb1fdf0402f0b9fc) Importer(815301076,1909f56bfc062723c751e8b465ee728b)
Start importing Assets/Scripts/Managers/ResourceManager.cs using Guid(3fc83e54a29212f4fb1fdf0402f0b9fc) Importer(815301076,1909f56bfc062723c751e8b465ee728b)  -> (artifact id: 'ab18a4e06a2509b2ae8ca41a6706ef6d') in 0.008037 seconds 
  Import took 0.010667 seconds .

========================================================================
Received Import Request.
  Time since last request: 137.179116 seconds.
  path: Assets/Scripts/Crops/CropManager.cs
  artifactKey: Guid(da88a1bbc8cd1b54cb1ac3cb10debfd4) Importer(815301076,1909f56bfc062723c751e8b465ee728b)
Start importing Assets/Scripts/Crops/CropManager.cs using Guid(da88a1bbc8cd1b54cb1ac3cb10debfd4) Importer(815301076,1909f56bfc062723c751e8b465ee728b)  -> (artifact id: 'a2c7439de59a251d771c30e82f49da6a') in 0.007020 seconds 
  Import took 0.009432 seconds .

========================================================================
Received Import Request.
  Time since last request: 0.002260 seconds.
  path: Assets/Scripts/Crops/CropManager.cs
  artifactKey: Guid(da88a1bbc8cd1b54cb1ac3cb10debfd4) Importer(815301076,1909f56bfc062723c751e8b465ee728b)
Start importing Assets/Scripts/Crops/CropManager.cs using Guid(da88a1bbc8cd1b54cb1ac3cb10debfd4) Importer(815301076,1909f56bfc062723c751e8b465ee728b)  -> (artifact id: 'a2c7439de59a251d771c30e82f49da6a') in 0.002271 seconds 
  Import took 0.004671 seconds .

========================================================================
Received Import Request.
  Time since last request: 97.544159 seconds.
  path: Assets/Scripts/Animal/SoundTimer.cs
  artifactKey: Guid(2db972184423f514ebbb6a0f95377eae) Importer(815301076,1909f56bfc062723c751e8b465ee728b)
Start importing Assets/Scripts/Animal/SoundTimer.cs using Guid(2db972184423f514ebbb6a0f95377eae) Importer(815301076,1909f56bfc062723c751e8b465ee728b)  -> (artifact id: 'b8df5ed5d8bfe89ca6a94ba48aa0ed5e') in 0.007778 seconds 
  Import took 0.010680 seconds .

========================================================================
Received Import Request.
  Time since last request: 0.002129 seconds.
  path: Assets/Scripts/Animal/SoundTimer.cs
  artifactKey: Guid(2db972184423f514ebbb6a0f95377eae) Importer(815301076,1909f56bfc062723c751e8b465ee728b)
Start importing Assets/Scripts/Animal/SoundTimer.cs using Guid(2db972184423f514ebbb6a0f95377eae) Importer(815301076,1909f56bfc062723c751e8b465ee728b)  -> (artifact id: 'b8df5ed5d8bfe89ca6a94ba48aa0ed5e') in 0.003111 seconds 
  Import took 0.006328 seconds .

========================================================================
Received Import Request.
  Time since last request: 1.790022 seconds.
  path: Assets/Scripts/Animal/PastureTrigger.cs
  artifactKey: Guid(0b2cd170ce38bd64faa4e022bd7d85b5) Importer(815301076,1909f56bfc062723c751e8b465ee728b)
Start importing Assets/Scripts/Animal/PastureTrigger.cs using Guid(0b2cd170ce38bd64faa4e022bd7d85b5) Importer(815301076,1909f56bfc062723c751e8b465ee728b)  -> (artifact id: '088a9c4c23297c0ddeff4e47d9b8f6b0') in 0.006866 seconds 
  Import took 0.009943 seconds .

========================================================================
Received Import Request.
  Time since last request: 0.000672 seconds.
  path: Assets/Scripts/Animal/PastureTrigger.cs
  artifactKey: Guid(0b2cd170ce38bd64faa4e022bd7d85b5) Importer(815301076,1909f56bfc062723c751e8b465ee728b)
Start importing Assets/Scripts/Animal/PastureTrigger.cs using Guid(0b2cd170ce38bd64faa4e022bd7d85b5) Importer(815301076,1909f56bfc062723c751e8b465ee728b)  -> (artifact id: '088a9c4c23297c0ddeff4e47d9b8f6b0') in 0.003518 seconds 
  Import took 0.006241 seconds .

========================================================================
Received Import Request.
  Time since last request: 5.455722 seconds.
  path: Assets/Scripts/Animal/FeedUI.cs
  artifactKey: Guid(6b302712362013847bb427ec9d1b5db4) Importer(815301076,1909f56bfc062723c751e8b465ee728b)
Start importing Assets/Scripts/Animal/FeedUI.cs using Guid(6b302712362013847bb427ec9d1b5db4) Importer(815301076,1909f56bfc062723c751e8b465ee728b)  -> (artifact id: '1d16af023ef36f35713670bc2b339714') in 0.007360 seconds 
  Import took 0.009753 seconds .

========================================================================
Received Import Request.
  Time since last request: 88.808318 seconds.
  path: Assets/Scripts/Animal/Set Animals
  artifactKey: Guid(25fe6916df851d546b67be391c50b129) Importer(815301076,1909f56bfc062723c751e8b465ee728b)
Start importing Assets/Scripts/Animal/Set Animals using Guid(25fe6916df851d546b67be391c50b129) Importer(815301076,1909f56bfc062723c751e8b465ee728b)  -> (artifact id: '5c3660f2a844d2f7ec934afbf7e493ce') in 0.007307 seconds 
  Import took 0.010023 seconds .

========================================================================
Received Import Request.
  Time since last request: 1.286306 seconds.
  path: Assets/Scripts/Animal/Set Animals/SetChicken.cs
  artifactKey: Guid(ef93ff6d9fd45b1468ddc652d0e064c9) Importer(815301076,1909f56bfc062723c751e8b465ee728b)
Start importing Assets/Scripts/Animal/Set Animals/SetChicken.cs using Guid(ef93ff6d9fd45b1468ddc652d0e064c9) Importer(815301076,1909f56bfc062723c751e8b465ee728b)  -> (artifact id: '1105496b97eaf756491b96e4b6d04357') in 0.006938 seconds 
  Import took 0.009685 seconds .

========================================================================
Received Import Request.
  Time since last request: 4.100801 seconds.
  path: Assets/Scripts/Animal/Set Animals/SetCow.cs
  artifactKey: Guid(e2bff2dab26b27343a003f8ccad62379) Importer(815301076,1909f56bfc062723c751e8b465ee728b)
Start importing Assets/Scripts/Animal/Set Animals/SetCow.cs using Guid(e2bff2dab26b27343a003f8ccad62379) Importer(815301076,1909f56bfc062723c751e8b465ee728b)  -> (artifact id: 'cd12df2a2d94967f46d5e7c9c53e2f1d') in 0.006855 seconds 
  Import took 0.009414 seconds .

========================================================================
Received Import Request.
  Time since last request: 0.000740 seconds.
  path: Assets/Scripts/Animal/Set Animals/SetCow.cs
  artifactKey: Guid(e2bff2dab26b27343a003f8ccad62379) Importer(815301076,1909f56bfc062723c751e8b465ee728b)
Start importing Assets/Scripts/Animal/Set Animals/SetCow.cs using Guid(e2bff2dab26b27343a003f8ccad62379) Importer(815301076,1909f56bfc062723c751e8b465ee728b)  -> (artifact id: 'cd12df2a2d94967f46d5e7c9c53e2f1d') in 0.002956 seconds 
  Import took 0.005960 seconds .

========================================================================
Received Import Request.
  Time since last request: 1.477582 seconds.
  path: Assets/Scripts/Animal/Set Animals/SetDuck.cs
  artifactKey: Guid(7a91db578a6bc5b498187335ff77d362) Importer(815301076,1909f56bfc062723c751e8b465ee728b)
Start importing Assets/Scripts/Animal/Set Animals/SetDuck.cs using Guid(7a91db578a6bc5b498187335ff77d362) Importer(815301076,1909f56bfc062723c751e8b465ee728b)  -> (artifact id: 'b260f18085945c87d212d9ee5f29bbcc') in 0.008013 seconds 
  Import took 0.010827 seconds .

========================================================================
Received Import Request.
  Time since last request: 1.355692 seconds.
  path: Assets/Scripts/Animal/Set Animals/SetPig.cs
  artifactKey: Guid(fdfa0200f91935b4c8745b2e59bd52e3) Importer(815301076,1909f56bfc062723c751e8b465ee728b)
Start importing Assets/Scripts/Animal/Set Animals/SetPig.cs using Guid(fdfa0200f91935b4c8745b2e59bd52e3) Importer(815301076,1909f56bfc062723c751e8b465ee728b)  -> (artifact id: '95b74effaeb20a116ff5ef4cef1159b5') in 0.007130 seconds 
  Import took 0.010189 seconds .

========================================================================
Received Import Request.
  Time since last request: 1.540014 seconds.
  path: Assets/Scripts/Animal/Set Animals/SetSheep.cs
  artifactKey: Guid(8f3ef8c6a499f73449acc2ec4dd9512b) Importer(815301076,1909f56bfc062723c751e8b465ee728b)
Start importing Assets/Scripts/Animal/Set Animals/SetSheep.cs using Guid(8f3ef8c6a499f73449acc2ec4dd9512b) Importer(815301076,1909f56bfc062723c751e8b465ee728b)  -> (artifact id: '93aac6f94f6a2256309b0a1f436c40a4') in 0.007529 seconds 
  Import took 0.010414 seconds .

========================================================================
Received Import Request.
  Time since last request: 12.037920 seconds.
  path: Assets/Scripts/Animal/Set Animals/SetSheep.cs
  artifactKey: Guid(8f3ef8c6a499f73449acc2ec4dd9512b) Importer(815301076,1909f56bfc062723c751e8b465ee728b)
Start importing Assets/Scripts/Animal/Set Animals/SetSheep.cs using Guid(8f3ef8c6a499f73449acc2ec4dd9512b) Importer(815301076,1909f56bfc062723c751e8b465ee728b)  -> (artifact id: '8ac27890dc45391e9c839a07cb2d66af') in 0.002993 seconds 
  Import took 0.006191 seconds .

========================================================================
Received Prepare
Registering precompiled user dll's ...
Registered in 0.005032 seconds.
Begin MonoManager ReloadAssembly
Native extension for WindowsStandalone target not found
Native extension for OSXStandalone target not found
Refreshing native plugins compatible for Editor in 0.44 ms, found 2 plugins.
Preloading 0 native plugins for Editor in 0.00 ms.
Mono: successfully reloaded assembly
- Completed reload, in  0.998 seconds
Domain Reload Profiling:
	ReloadAssembly (998ms)
		BeginReloadAssembly (121ms)
			ExecutionOrderSort (0ms)
			DisableScriptedObjects (5ms)
			BackupInstance (0ms)
			ReleaseScriptingObjects (0ms)
			CreateAndSetChildDomain (38ms)
		EndReloadAssembly (817ms)
			LoadAssemblies (86ms)
			RebuildTransferFunctionScriptingTraits (0ms)
			SetupTypeCache (279ms)
			ReleaseScriptCaches (1ms)
			RebuildScriptCaches (48ms)
			SetupLoadedEditorAssemblies (320ms)
				LogAssemblyErrors (0ms)
				InitializePlatformSupportModulesInManaged (6ms)
				SetLoadedEditorAssemblies (0ms)
				RefreshPlugins (0ms)
				BeforeProcessingInitializeOnLoad (76ms)
				ProcessInitializeOnLoadAttributes (225ms)
				ProcessInitializeOnLoadMethodAttributes (4ms)
				AfterProcessingInitializeOnLoad (7ms)
				EditorAssembliesLoaded (0ms)
			ExecutionOrderSort2 (0ms)
			AwakeInstancesAfterBackupRestoration (6ms)
Platform modules already initialized, skipping
Refreshing native plugins compatible for Editor in 0.58 ms, found 2 plugins.
Preloading 0 native plugins for Editor in 0.00 ms.
Unloading 1633 Unused Serialized files (Serialized files now loaded: 0)
System memory in use before: 95.7 MB.
System memory in use after: 95.8 MB.

Unloading 12 unused Assets to reduce memory usage. Loaded Objects now: 2129.
Total: 2.863700 ms (FindLiveObjects: 0.164800 ms CreateObjectMapping: 0.044300 ms MarkObjects: 2.637400 ms  DeleteObjects: 0.016400 ms)

AssetImportParameters requested are different than current active one (requested -> active):
  custom:framework-win-MediaFoundation: 216162199b28c13a410421893ffa2e32 -> 
  custom:video-decoder-ogg-theora: a1e56fd34408186e4bbccfd4996cb3dc -> 
  custom:container-muxer-webm: aa71ff27fc2769a1b78a27578f13a17b -> 
  custom:container-demuxer-webm: 4f35f7cbe854078d1ac9338744f61a02 -> 
  custom:container-demuxer-ogg: 62fdf1f143b41e24485cea50d1cbac27 -> 
  custom:video-encoder-webm-vp8: eb34c28f22e8b96e1ab97ce403110664 -> 
  custom:video-codec-MediaFoundation-h265: 746d11721c4dcdbdad8f713fa42b33f4 -> 
  custom:video-decoder-webm-vp8: 9c59270c3fd7afecdb556c50c9e8de78 -> 
  custom:audio-decoder-ogg-vorbis: bf7c407c2cedff20999df2af8eb42d56 -> 
  custom:audio-encoder-webm-vorbis: bf7c407c2cedff20999df2af8eb42d56 -> 
========================================================================
Received Prepare
Registering precompiled user dll's ...
Registered in 0.003355 seconds.
Begin MonoManager ReloadAssembly
Native extension for WindowsStandalone target not found
Native extension for OSXStandalone target not found
Refreshing native plugins compatible for Editor in 0.62 ms, found 2 plugins.
Preloading 0 native plugins for Editor in 0.00 ms.
Mono: successfully reloaded assembly
- Completed reload, in  1.214 seconds
Domain Reload Profiling:
	ReloadAssembly (1214ms)
		BeginReloadAssembly (127ms)
			ExecutionOrderSort (0ms)
			DisableScriptedObjects (5ms)
			BackupInstance (0ms)
			ReleaseScriptingObjects (0ms)
			CreateAndSetChildDomain (33ms)
		EndReloadAssembly (1016ms)
			LoadAssemblies (119ms)
			RebuildTransferFunctionScriptingTraits (0ms)
			SetupTypeCache (268ms)
			ReleaseScriptCaches (1ms)
			RebuildScriptCaches (49ms)
			SetupLoadedEditorAssemblies (472ms)
				LogAssemblyErrors (0ms)
				InitializePlatformSupportModulesInManaged (15ms)
				SetLoadedEditorAssemblies (1ms)
				RefreshPlugins (1ms)
				BeforeProcessingInitializeOnLoad (93ms)
				ProcessInitializeOnLoadAttributes (350ms)
				ProcessInitializeOnLoadMethodAttributes (4ms)
				AfterProcessingInitializeOnLoad (8ms)
				EditorAssembliesLoaded (0ms)
			ExecutionOrderSort2 (0ms)
			AwakeInstancesAfterBackupRestoration (8ms)
Platform modules already initialized, skipping
Refreshing native plugins compatible for Editor in 0.38 ms, found 2 plugins.
Preloading 0 native plugins for Editor in 0.00 ms.
Unloading 1633 Unused Serialized files (Serialized files now loaded: 0)
System memory in use before: 95.7 MB.
System memory in use after: 95.8 MB.

Unloading 12 unused Assets to reduce memory usage. Loaded Objects now: 2131.
Total: 3.320100 ms (FindLiveObjects: 0.162300 ms CreateObjectMapping: 0.046400 ms MarkObjects: 3.091200 ms  DeleteObjects: 0.019000 ms)

AssetImportParameters requested are different than current active one (requested -> active):
  custom:framework-win-MediaFoundation: 216162199b28c13a410421893ffa2e32 -> 
  custom:video-decoder-ogg-theora: a1e56fd34408186e4bbccfd4996cb3dc -> 
  custom:container-muxer-webm: aa71ff27fc2769a1b78a27578f13a17b -> 
  custom:container-demuxer-webm: 4f35f7cbe854078d1ac9338744f61a02 -> 
  custom:container-demuxer-ogg: 62fdf1f143b41e24485cea50d1cbac27 -> 
  custom:video-encoder-webm-vp8: eb34c28f22e8b96e1ab97ce403110664 -> 
  custom:video-codec-MediaFoundation-h265: 746d11721c4dcdbdad8f713fa42b33f4 -> 
  custom:video-decoder-webm-vp8: 9c59270c3fd7afecdb556c50c9e8de78 -> 
  custom:audio-decoder-ogg-vorbis: bf7c407c2cedff20999df2af8eb42d56 -> 
  custom:audio-encoder-webm-vorbis: bf7c407c2cedff20999df2af8eb42d56 -> 
========================================================================
Received Prepare
Registering precompiled user dll's ...
Registered in 0.003125 seconds.
Begin MonoManager ReloadAssembly
Native extension for WindowsStandalone target not found
Native extension for OSXStandalone target not found
Refreshing native plugins compatible for Editor in 0.38 ms, found 2 plugins.
Preloading 0 native plugins for Editor in 0.00 ms.
Mono: successfully reloaded assembly
- Completed reload, in  1.052 seconds
Domain Reload Profiling:
	ReloadAssembly (1053ms)
		BeginReloadAssembly (115ms)
			ExecutionOrderSort (0ms)
			DisableScriptedObjects (5ms)
			BackupInstance (0ms)
			ReleaseScriptingObjects (0ms)
			CreateAndSetChildDomain (32ms)
		EndReloadAssembly (872ms)
			LoadAssemblies (173ms)
			RebuildTransferFunctionScriptingTraits (0ms)
			SetupTypeCache (256ms)
			ReleaseScriptCaches (1ms)
			RebuildScriptCaches (45ms)
			SetupLoadedEditorAssemblies (305ms)
				LogAssemblyErrors (0ms)
				InitializePlatformSupportModulesInManaged (6ms)
				SetLoadedEditorAssemblies (0ms)
				RefreshPlugins (0ms)
				BeforeProcessingInitializeOnLoad (78ms)
				ProcessInitializeOnLoadAttributes (210ms)
				ProcessInitializeOnLoadMethodAttributes (4ms)
				AfterProcessingInitializeOnLoad (7ms)
				EditorAssembliesLoaded (0ms)
			ExecutionOrderSort2 (0ms)
			AwakeInstancesAfterBackupRestoration (6ms)
Platform modules already initialized, skipping
Refreshing native plugins compatible for Editor in 0.37 ms, found 2 plugins.
Preloading 0 native plugins for Editor in 0.00 ms.
Unloading 1633 Unused Serialized files (Serialized files now loaded: 0)
System memory in use before: 95.7 MB.
System memory in use after: 95.9 MB.

Unloading 12 unused Assets to reduce memory usage. Loaded Objects now: 2133.
Total: 2.675200 ms (FindLiveObjects: 0.127500 ms CreateObjectMapping: 0.041200 ms MarkObjects: 2.491600 ms  DeleteObjects: 0.014300 ms)

AssetImportParameters requested are different than current active one (requested -> active):
  custom:framework-win-MediaFoundation: 216162199b28c13a410421893ffa2e32 -> 
  custom:video-decoder-ogg-theora: a1e56fd34408186e4bbccfd4996cb3dc -> 
  custom:container-muxer-webm: aa71ff27fc2769a1b78a27578f13a17b -> 
  custom:container-demuxer-webm: 4f35f7cbe854078d1ac9338744f61a02 -> 
  custom:container-demuxer-ogg: 62fdf1f143b41e24485cea50d1cbac27 -> 
  custom:video-encoder-webm-vp8: eb34c28f22e8b96e1ab97ce403110664 -> 
  custom:video-codec-MediaFoundation-h265: 746d11721c4dcdbdad8f713fa42b33f4 -> 
  custom:video-decoder-webm-vp8: 9c59270c3fd7afecdb556c50c9e8de78 -> 
  custom:audio-decoder-ogg-vorbis: bf7c407c2cedff20999df2af8eb42d56 -> 
  custom:audio-encoder-webm-vorbis: bf7c407c2cedff20999df2af8eb42d56 -> 
========================================================================
Received Prepare
Registering precompiled user dll's ...
Registered in 0.003174 seconds.
Begin MonoManager ReloadAssembly
Native extension for WindowsStandalone target not found
Native extension for OSXStandalone target not found
Refreshing native plugins compatible for Editor in 0.39 ms, found 2 plugins.
Preloading 0 native plugins for Editor in 0.00 ms.
Mono: successfully reloaded assembly
- Completed reload, in  1.301 seconds
Domain Reload Profiling:
	ReloadAssembly (1301ms)
		BeginReloadAssembly (132ms)
			ExecutionOrderSort (0ms)
			DisableScriptedObjects (4ms)
			BackupInstance (0ms)
			ReleaseScriptingObjects (0ms)
			CreateAndSetChildDomain (34ms)
		EndReloadAssembly (1010ms)
			LoadAssemblies (128ms)
			RebuildTransferFunctionScriptingTraits (0ms)
			SetupTypeCache (292ms)
			ReleaseScriptCaches (1ms)
			RebuildScriptCaches (47ms)
			SetupLoadedEditorAssemblies (440ms)
				LogAssemblyErrors (0ms)
				InitializePlatformSupportModulesInManaged (15ms)
				SetLoadedEditorAssemblies (0ms)
				RefreshPlugins (0ms)
				BeforeProcessingInitializeOnLoad (122ms)
				ProcessInitializeOnLoadAttributes (291ms)
				ProcessInitializeOnLoadMethodAttributes (4ms)
				AfterProcessingInitializeOnLoad (7ms)
				EditorAssembliesLoaded (0ms)
			ExecutionOrderSort2 (0ms)
			AwakeInstancesAfterBackupRestoration (7ms)
Platform modules already initialized, skipping
Refreshing native plugins compatible for Editor in 0.40 ms, found 2 plugins.
Preloading 0 native plugins for Editor in 0.00 ms.
Unloading 1633 Unused Serialized files (Serialized files now loaded: 0)
System memory in use before: 95.7 MB.
System memory in use after: 95.9 MB.

Unloading 12 unused Assets to reduce memory usage. Loaded Objects now: 2135.
Total: 3.741200 ms (FindLiveObjects: 0.253200 ms CreateObjectMapping: 0.077900 ms MarkObjects: 3.391000 ms  DeleteObjects: 0.016900 ms)

AssetImportParameters requested are different than current active one (requested -> active):
  custom:framework-win-MediaFoundation: 216162199b28c13a410421893ffa2e32 -> 
  custom:video-decoder-ogg-theora: a1e56fd34408186e4bbccfd4996cb3dc -> 
  custom:container-muxer-webm: aa71ff27fc2769a1b78a27578f13a17b -> 
  custom:container-demuxer-webm: 4f35f7cbe854078d1ac9338744f61a02 -> 
  custom:container-demuxer-ogg: 62fdf1f143b41e24485cea50d1cbac27 -> 
  custom:video-encoder-webm-vp8: eb34c28f22e8b96e1ab97ce403110664 -> 
  custom:video-codec-MediaFoundation-h265: 746d11721c4dcdbdad8f713fa42b33f4 -> 
  custom:video-decoder-webm-vp8: 9c59270c3fd7afecdb556c50c9e8de78 -> 
  custom:audio-decoder-ogg-vorbis: bf7c407c2cedff20999df2af8eb42d56 -> 
  custom:audio-encoder-webm-vorbis: bf7c407c2cedff20999df2af8eb42d56 -> 
========================================================================
Received Prepare
Registering precompiled user dll's ...
Registered in 0.006749 seconds.
Begin MonoManager ReloadAssembly
Native extension for WindowsStandalone target not found
Native extension for OSXStandalone target not found
Refreshing native plugins compatible for Editor in 0.37 ms, found 2 plugins.
Preloading 0 native plugins for Editor in 0.00 ms.
Mono: successfully reloaded assembly
- Completed reload, in  0.941 seconds
Domain Reload Profiling:
	ReloadAssembly (942ms)
		BeginReloadAssembly (103ms)
			ExecutionOrderSort (0ms)
			DisableScriptedObjects (7ms)
			BackupInstance (0ms)
			ReleaseScriptingObjects (0ms)
			CreateAndSetChildDomain (28ms)
		EndReloadAssembly (779ms)
			LoadAssemblies (83ms)
			RebuildTransferFunctionScriptingTraits (0ms)
			SetupTypeCache (252ms)
			ReleaseScriptCaches (1ms)
			RebuildScriptCaches (45ms)
			SetupLoadedEditorAssemblies (301ms)
				LogAssemblyErrors (0ms)
				InitializePlatformSupportModulesInManaged (7ms)
				SetLoadedEditorAssemblies (0ms)
				RefreshPlugins (0ms)
				BeforeProcessingInitializeOnLoad (80ms)
				ProcessInitializeOnLoadAttributes (202ms)
				ProcessInitializeOnLoadMethodAttributes (4ms)
				AfterProcessingInitializeOnLoad (7ms)
				EditorAssembliesLoaded (0ms)
			ExecutionOrderSort2 (0ms)
			AwakeInstancesAfterBackupRestoration (6ms)
Platform modules already initialized, skipping
Refreshing native plugins compatible for Editor in 0.60 ms, found 2 plugins.
Preloading 0 native plugins for Editor in 0.00 ms.
Unloading 1633 Unused Serialized files (Serialized files now loaded: 0)
System memory in use before: 95.8 MB.
System memory in use after: 95.9 MB.

Unloading 12 unused Assets to reduce memory usage. Loaded Objects now: 2137.
Total: 2.860700 ms (FindLiveObjects: 0.159900 ms CreateObjectMapping: 0.053500 ms MarkObjects: 2.628000 ms  DeleteObjects: 0.017900 ms)

AssetImportParameters requested are different than current active one (requested -> active):
  custom:framework-win-MediaFoundation: 216162199b28c13a410421893ffa2e32 -> 
  custom:video-decoder-ogg-theora: a1e56fd34408186e4bbccfd4996cb3dc -> 
  custom:container-muxer-webm: aa71ff27fc2769a1b78a27578f13a17b -> 
  custom:container-demuxer-webm: 4f35f7cbe854078d1ac9338744f61a02 -> 
  custom:container-demuxer-ogg: 62fdf1f143b41e24485cea50d1cbac27 -> 
  custom:video-encoder-webm-vp8: eb34c28f22e8b96e1ab97ce403110664 -> 
  custom:video-codec-MediaFoundation-h265: 746d11721c4dcdbdad8f713fa42b33f4 -> 
  custom:video-decoder-webm-vp8: 9c59270c3fd7afecdb556c50c9e8de78 -> 
  custom:audio-decoder-ogg-vorbis: bf7c407c2cedff20999df2af8eb42d56 -> 
  custom:audio-encoder-webm-vorbis: bf7c407c2cedff20999df2af8eb42d56 -> 
========================================================================
Received Prepare
Registering precompiled user dll's ...
Registered in 0.004376 seconds.
Begin MonoManager ReloadAssembly
Native extension for WindowsStandalone target not found
Native extension for OSXStandalone target not found
Refreshing native plugins compatible for Editor in 0.37 ms, found 2 plugins.
Preloading 0 native plugins for Editor in 0.00 ms.
Mono: successfully reloaded assembly
- Completed reload, in  0.932 seconds
Domain Reload Profiling:
	ReloadAssembly (933ms)
		BeginReloadAssembly (103ms)
			ExecutionOrderSort (0ms)
			DisableScriptedObjects (4ms)
			BackupInstance (0ms)
			ReleaseScriptingObjects (0ms)
			CreateAndSetChildDomain (27ms)
		EndReloadAssembly (767ms)
			LoadAssemblies (77ms)
			RebuildTransferFunctionScriptingTraits (0ms)
			SetupTypeCache (253ms)
			ReleaseScriptCaches (1ms)
			RebuildScriptCaches (45ms)
			SetupLoadedEditorAssemblies (301ms)
				LogAssemblyErrors (0ms)
				InitializePlatformSupportModulesInManaged (6ms)
				SetLoadedEditorAssemblies (0ms)
				RefreshPlugins (0ms)
				BeforeProcessingInitializeOnLoad (77ms)
				ProcessInitializeOnLoadAttributes (206ms)
				ProcessInitializeOnLoadMethodAttributes (4ms)
				AfterProcessingInitializeOnLoad (7ms)
				EditorAssembliesLoaded (0ms)
			ExecutionOrderSort2 (0ms)
			AwakeInstancesAfterBackupRestoration (6ms)
Platform modules already initialized, skipping
Refreshing native plugins compatible for Editor in 0.38 ms, found 2 plugins.
Preloading 0 native plugins for Editor in 0.00 ms.
Unloading 1633 Unused Serialized files (Serialized files now loaded: 0)
System memory in use before: 95.8 MB.
System memory in use after: 95.9 MB.

Unloading 12 unused Assets to reduce memory usage. Loaded Objects now: 2139.
Total: 2.939500 ms (FindLiveObjects: 0.152500 ms CreateObjectMapping: 0.044100 ms MarkObjects: 2.727500 ms  DeleteObjects: 0.014500 ms)

AssetImportParameters requested are different than current active one (requested -> active):
  custom:framework-win-MediaFoundation: 216162199b28c13a410421893ffa2e32 -> 
  custom:video-decoder-ogg-theora: a1e56fd34408186e4bbccfd4996cb3dc -> 
  custom:container-muxer-webm: aa71ff27fc2769a1b78a27578f13a17b -> 
  custom:container-demuxer-webm: 4f35f7cbe854078d1ac9338744f61a02 -> 
  custom:container-demuxer-ogg: 62fdf1f143b41e24485cea50d1cbac27 -> 
  custom:video-encoder-webm-vp8: eb34c28f22e8b96e1ab97ce403110664 -> 
  custom:video-codec-MediaFoundation-h265: 746d11721c4dcdbdad8f713fa42b33f4 -> 
  custom:video-decoder-webm-vp8: 9c59270c3fd7afecdb556c50c9e8de78 -> 
  custom:audio-decoder-ogg-vorbis: bf7c407c2cedff20999df2af8eb42d56 -> 
  custom:audio-encoder-webm-vorbis: bf7c407c2cedff20999df2af8eb42d56 -> 
========================================================================
Received Import Request.
  Time since last request: 61.999907 seconds.
  path: Assets/Scripts/Animal/Set Animals/SetSheep.cs
  artifactKey: Guid(8f3ef8c6a499f73449acc2ec4dd9512b) Importer(815301076,1909f56bfc062723c751e8b465ee728b)
Start importing Assets/Scripts/Animal/Set Animals/SetSheep.cs using Guid(8f3ef8c6a499f73449acc2ec4dd9512b) Importer(815301076,1909f56bfc062723c751e8b465ee728b)  -> (artifact id: '3cffdb2809fb96357243b25cae633631') in 0.004769 seconds 
  Import took 0.006971 seconds .

========================================================================
Received Import Request.
  Time since last request: 0.752300 seconds.
  path: Assets/Scripts/Animal/Set Animals/SetPig.cs
  artifactKey: Guid(fdfa0200f91935b4c8745b2e59bd52e3) Importer(815301076,1909f56bfc062723c751e8b465ee728b)
Start importing Assets/Scripts/Animal/Set Animals/SetPig.cs using Guid(fdfa0200f91935b4c8745b2e59bd52e3) Importer(815301076,1909f56bfc062723c751e8b465ee728b)  -> (artifact id: '4e9527888e1b356907509da8134242d7') in 0.002770 seconds 
  Import took 0.005833 seconds .

========================================================================
Received Import Request.
  Time since last request: 0.001649 seconds.
  path: Assets/Scripts/Animal/Set Animals/SetPig.cs
  artifactKey: Guid(fdfa0200f91935b4c8745b2e59bd52e3) Importer(815301076,1909f56bfc062723c751e8b465ee728b)
Start importing Assets/Scripts/Animal/Set Animals/SetPig.cs using Guid(fdfa0200f91935b4c8745b2e59bd52e3) Importer(815301076,1909f56bfc062723c751e8b465ee728b)  -> (artifact id: '4e9527888e1b356907509da8134242d7') in 0.002831 seconds 
  Import took 0.005883 seconds .

========================================================================
Received Import Request.
  Time since last request: 0.423408 seconds.
  path: Assets/Scripts/Animal/Set Animals/SetDuck.cs
  artifactKey: Guid(7a91db578a6bc5b498187335ff77d362) Importer(815301076,1909f56bfc062723c751e8b465ee728b)
Start importing Assets/Scripts/Animal/Set Animals/SetDuck.cs using Guid(7a91db578a6bc5b498187335ff77d362) Importer(815301076,1909f56bfc062723c751e8b465ee728b)  -> (artifact id: '3c42a0ff8280f8700c15981f6eea276e') in 0.002295 seconds 
  Import took 0.004806 seconds .

========================================================================
Received Import Request.
  Time since last request: 0.383008 seconds.
  path: Assets/Scripts/Animal/Set Animals/SetCow.cs
  artifactKey: Guid(e2bff2dab26b27343a003f8ccad62379) Importer(815301076,1909f56bfc062723c751e8b465ee728b)
Start importing Assets/Scripts/Animal/Set Animals/SetCow.cs using Guid(e2bff2dab26b27343a003f8ccad62379) Importer(815301076,1909f56bfc062723c751e8b465ee728b)  -> (artifact id: '89c0cd855d6dd604fb8ed55ac5064646') in 0.002631 seconds 
  Import took 0.005077 seconds .

========================================================================
Received Import Request.
  Time since last request: 0.469880 seconds.
  path: Assets/Scripts/Animal/Set Animals/SetChicken.cs
  artifactKey: Guid(ef93ff6d9fd45b1468ddc652d0e064c9) Importer(815301076,1909f56bfc062723c751e8b465ee728b)
Start importing Assets/Scripts/Animal/Set Animals/SetChicken.cs using Guid(ef93ff6d9fd45b1468ddc652d0e064c9) Importer(815301076,1909f56bfc062723c751e8b465ee728b)  -> (artifact id: '28fb0e4a904eb7859c91e0c9ad420b55') in 0.003318 seconds 
  Import took 0.005695 seconds .

========================================================================
Received Import Request.
  Time since last request: 0.002327 seconds.
  path: Assets/Scripts/Animal/Set Animals/SetChicken.cs
  artifactKey: Guid(ef93ff6d9fd45b1468ddc652d0e064c9) Importer(815301076,1909f56bfc062723c751e8b465ee728b)
Start importing Assets/Scripts/Animal/Set Animals/SetChicken.cs using Guid(ef93ff6d9fd45b1468ddc652d0e064c9) Importer(815301076,1909f56bfc062723c751e8b465ee728b)  -> (artifact id: '28fb0e4a904eb7859c91e0c9ad420b55') in 0.003019 seconds 
  Import took 0.006101 seconds .

AssetImportWorkerClient::OnTransportError - code=2 error=End of file
